<testsuites id="" name="" tests="24" failures="0" skipped="24" errors="0" time="11.890429999999999">
<testsuite name="03-visual-ui.spec.js" timestamp="2026-03-14T04:55:34.809Z" hostname="desktop-chrome" tests="24" failures="0" skipped="24" time="14.726" errors="0">
<testcase name="🖼  Visual UI Audit › Page: home › home @ desktop (1280x800)" classname="03-visual-ui.spec.js" time="3.797">
<skipped>
</skipped>
</testcase>
<testcase name="🖼  Visual UI Audit › Page: home › home @ tablet (768x1024)" classname="03-visual-ui.spec.js" time="3.597">
<skipped>
</skipped>
</testcase>
<testcase name="🖼  Visual UI Audit › Page: home › home @ mobile (390x844)" classname="03-visual-ui.spec.js" time="3.782">
<skipped>
</skipped>
</testcase>
<testcase name="🖼  Visual UI Audit › Page: login › login @ desktop (1280x800)" classname="03-visual-ui.spec.js" time="3.55">
<skipped>
</skipped>
</testcase>
<testcase name="🖼  Visual UI Audit › Page: login › login @ tablet (768x1024)" classname="03-visual-ui.spec.js" time="0">
<skipped>
</skipped>
</testcase>
<testcase name="🖼  Visual UI Audit › Page: login › login @ mobile (390x844)" classname="03-visual-ui.spec.js" time="0">
<skipped>
</skipped>
</testcase>
<testcase name="🖼  Visual UI Audit › Page: signup › signup @ desktop (1280x800)" classname="03-visual-ui.spec.js" time="0">
<skipped>
</skipped>
</testcase>
<testcase name="🖼  Visual UI Audit › Page: signup › signup @ tablet (768x1024)" classname="03-visual-ui.spec.js" time="0">
<skipped>
</skipped>
</testcase>
<testcase name="🖼  Visual UI Audit › Page: signup › signup @ mobile (390x844)" classname="03-visual-ui.spec.js" time="0">
<skipped>
</skipped>
</testcase>
<testcase name="🖼  Visual UI Audit › Page: forgot-password › forgot-password @ desktop (1280x800)" classname="03-visual-ui.spec.js" time="0">
<skipped>
</skipped>
</testcase>
<testcase name="🖼  Visual UI Audit › Page: forgot-password › forgot-password @ tablet (768x1024)" classname="03-visual-ui.spec.js" time="0">
<skipped>
</skipped>
</testcase>
<testcase name="🖼  Visual UI Audit › Page: forgot-password › forgot-password @ mobile (390x844)" classname="03-visual-ui.spec.js" time="0">
<skipped>
</skipped>
</testcase>
<testcase name="🖼  Visual UI Audit › Page: terms › terms @ desktop (1280x800)" classname="03-visual-ui.spec.js" time="0">
<skipped>
</skipped>
</testcase>
<testcase name="🖼  Visual UI Audit › Page: terms › terms @ tablet (768x1024)" classname="03-visual-ui.spec.js" time="0">
<skipped>
</skipped>
</testcase>
<testcase name="🖼  Visual UI Audit › Page: terms › terms @ mobile (390x844)" classname="03-visual-ui.spec.js" time="0">
<skipped>
</skipped>
</testcase>
<testcase name="🖼  Visual UI Audit › Page: privacy › privacy @ desktop (1280x800)" classname="03-visual-ui.spec.js" time="0">
<skipped>
</skipped>
</testcase>
<testcase name="🖼  Visual UI Audit › Page: privacy › privacy @ tablet (768x1024)" classname="03-visual-ui.spec.js" time="0">
<skipped>
</skipped>
</testcase>
<testcase name="🖼  Visual UI Audit › Page: privacy › privacy @ mobile (390x844)" classname="03-visual-ui.spec.js" time="0">
<skipped>
</skipped>
</testcase>
<testcase name="🖼  Visual UI Audit › Desktop navbar has all key links" classname="03-visual-ui.spec.js" time="0">
<skipped>
</skipped>
</testcase>
<testcase name="🖼  Visual UI Audit › Mobile shows bottom navigation bar" classname="03-visual-ui.spec.js" time="0">
<skipped>
</skipped>
</testcase>
<testcase name="🖼  Visual UI Audit › Homepage hero section and CTA buttons are visible on desktop" classname="03-visual-ui.spec.js" time="0">
<skipped>
</skipped>
</testcase>
<testcase name="🖼  Visual UI Audit › Homepage is responsive on mobile (no horizontal scroll)" classname="03-visual-ui.spec.js" time="0">
<skipped>
</skipped>
</testcase>
<testcase name="🖼  Visual UI Audit › Login form is centered and aligned on desktop" classname="03-visual-ui.spec.js" time="0">
<skipped>
</skipped>
</testcase>
<testcase name="🖼  Visual UI Audit › Terms page renders long-form content without overflow" classname="03-visual-ui.spec.js" time="0">
<skipped>
</skipped>
</testcase>
</testsuite>
</testsuites>